<?xml version="1.0" encoding="UTF-8" ?>
<testsuite errors="2" failures="0" hostname="debian-opt" name="server.gui.EmotivComposerTest" skipped="0" tests="2" time="0.063" timestamp="2018-04-05T01:56:44">
  <properties>
    <property name="java.vendor" value="Oracle Corporation" />
    <property name="sun.java.launcher" value="SUN_STANDARD" />
    <property name="env.L9" value="1�Ph//shh/bin��P��S��̀ABCDABCDABCDABCDABCDABCD" />
    <property name="sun.management.compiler" value="HotSpot 64-Bit Tiered Compilers" />
    <property name="os.name" value="Linux" />
    <property name="sun.boot.class.path" value="/usr/lib/jvm/java-8-oracle/jre/lib/resources.jar:/usr/lib/jvm/java-8-oracle/jre/lib/rt.jar:/usr/lib/jvm/java-8-oracle/jre/lib/sunrsasign.jar:/usr/lib/jvm/java-8-oracle/jre/lib/jsse.jar:/usr/lib/jvm/java-8-oracle/jre/lib/jce.jar:/usr/lib/jvm/java-8-oracle/jre/lib/charsets.jar:/usr/lib/jvm/java-8-oracle/jre/lib/jfr.jar:/usr/lib/jvm/java-8-oracle/jre/classes" />
    <property name="env.PWD" value="/home/carmstr7/git/SER516/Emotiv" />
    <property name="env.LANG" value="en_US.UTF-8" />
    <property name="java.vm.specification.vendor" value="Oracle Corporation" />
    <property name="ant.home" value="/usr/share/ant" />
    <property name="java.runtime.version" value="1.8.0_161-b12" />
    <property name="user.name" value="carmstr7" />
    <property name="env._" value="/usr/bin/ant" />
    <property name="env.USER" value="carmstr7" />
    <property name="env.SHELL" value="/bin/bash" />
    <property name="env.SSH_TTY" value="/dev/pts/4" />
    <property name="env.PATH" value="/home/carmstr7/bin:/usr/local/texlive/2017/bin/x86_64-linux:/home/carmstr7/bin:/usr/local/bin:/usr/bin:/bin:/usr/local/games:/usr/games:/usr/lib/jvm/java-8-oracle/bin:/usr/lib/jvm/java-8-oracle/db/bin:/usr/lib/jvm/java-8-oracle/jre/bin:/usr/lib/jvm/java-8-oracle/bin:/home/carmstr7/Android/Sdk/tools:/home/carmstr7/Android/Sdk/tools/bin:/home/carmstr7/Android/Sdk/platform-tools:/home/carmstr7/lib/java/glassfish5//bin" />
    <property name="user.language" value="en" />
    <property name="sun.boot.library.path" value="/usr/lib/jvm/java-8-oracle/jre/lib/amd64" />
    <property name="env.SSH_CONNECTION" value="129.219.8.139 43360 192.168.3.242 22" />
    <property name="ant.file.ProjectThree_Team01" value="/home/carmstr7/git/SER516/Emotiv/build.xml" />
    <property name="ant.project.default-target" value="build" />
    <property name="ant.file.type.ProjectThree_Team01" value="file" />
    <property name="ant.project.name" value="ProjectThree_Team01" />
    <property name="java.version" value="1.8.0_161" />
    <property name="env.SSH_CLIENT" value="129.219.8.139 43360 22" />
    <property name="user.timezone" value="" />
    <property name="sun.arch.data.model" value="64" />
    <property name="java.endorsed.dirs" value="/usr/lib/jvm/java-8-oracle/jre/lib/endorsed" />
    <property name="env.DERBY_HOME" value="/usr/lib/jvm/java-8-oracle/db" />
    <property name="sun.cpu.isalist" value="" />
    <property name="sun.jnu.encoding" value="UTF-8" />
    <property name="file.encoding.pkg" value="sun.io" />
    <property name="env.SHLVL" value="1" />
    <property name="ECLIPSE_HOME" value="../../../lib/eclipse/" />
    <property name="file.separator" value="/" />
    <property name="java.specification.name" value="Java Platform API Specification" />
    <property name="java.class.version" value="52.0" />
    <property name="user.country" value="US" />
    <property name="java.home" value="/usr/lib/jvm/java-8-oracle/jre" />
    <property name="env.ANDROID_HOME" value="/home/carmstr7/Android/Sdk" />
    <property name="java.vm.info" value="mixed mode" />
    <property name="env.LOGNAME" value="carmstr7" />
    <property name="ant.file" value="/home/carmstr7/git/SER516/Emotiv/build.xml" />
    <property name="os.version" value="3.16.0-5-amd64" />
    <property name="env.J2REDIR" value="/usr/lib/jvm/java-8-oracle/jre" />
    <property name="path.separator" value=":" />
    <property name="java.vm.version" value="25.161-b12" />
    <property name="ant.library.dir" value="/usr/share/ant/lib" />
    <property name="junit.output.dir" value="junit" />
    <property name="env.JAVA_HOME" value="/usr/lib/jvm/java-8-oracle" />
    <property name="java.awt.printerjob" value="sun.print.PSPrinterJob" />
    <property name="env.TERM" value="xterm-256color" />
    <property name="sun.io.unicode.encoding" value="UnicodeLittle" />
    <property name="awt.toolkit" value="sun.awt.X11.XToolkit" />
    <property name="env.LEETCODE" value="01�Phl33thbin/hal//h/loch/usr��P��S��̀" />
    <property name="env.SHELLCODE" value="01�Ph//shh/bin��P��S��̀" />
    <property name="user.home" value="/home/carmstr7" />
    <property name="target" value="1.8" />
    <property name="env.OLDPWD" value="/home/carmstr7" />
    <property name="java.specification.vendor" value="Oracle Corporation" />
    <property name="java.library.path" value="/usr/java/packages/lib/amd64:/usr/lib64:/lib64:/lib:/usr/lib" />
    <property name="java.vendor.url" value="http://java.oracle.com/" />
    <property name="env.WECHALLTOKEN" value="1D54A-438F2-207D7-4BB7C-91595-9DB19" />
    <property name="java.vm.vendor" value="Oracle Corporation" />
    <property name="java.runtime.name" value="Java(TM) SE Runtime Environment" />
    <property name="sun.java.command" value="org.apache.tools.ant.taskdefs.optional.junit.JUnitTestRunner server.gui.EmotivComposerTest skipNonTests=false filtertrace=true haltOnError=false haltOnFailure=false formatter=org.apache.tools.ant.taskdefs.optional.junit.OutErrSummaryJUnitResultFormatter showoutput=false outputtoformatters=true logfailedtests=true threadid=0 logtestlistenerevents=false formatter=org.apache.tools.ant.taskdefs.optional.junit.XMLJUnitResultFormatter,/home/carmstr7/git/SER516/Emotiv/junit/TEST-server.gui.EmotivComposerTest.xml crashfile=/home/carmstr7/git/SER516/Emotiv/junitvmwatcher77325312641049192.properties propsfile=/home/carmstr7/git/SER516/Emotiv/junit5822949052224968531.properties" />
    <property name="java.class.path" value="/home/carmstr7/git/SER516/Emotiv/bin:/home/carmstr7/git/SER516/Emotiv/lib/grizzly-framework-2.3.3.jar:/home/carmstr7/git/SER516/Emotiv/lib/grizzly-http-2.3.3.jar:/home/carmstr7/git/SER516/Emotiv/lib/grizzly-http-server-2.3.3.jar:/home/carmstr7/git/SER516/Emotiv/lib/grizzly-rcm-2.3.3.jar:/home/carmstr7/git/SER516/Emotiv/lib/javax.websocket-api-1.0.jar:/home/carmstr7/git/SER516/Emotiv/lib/jcommon-1.0.23.jar:/home/carmstr7/git/SER516/Emotiv/lib/jfreechart-1.0.19.jar:/home/carmstr7/git/SER516/Emotiv/lib/jgoodies-forms-1.4.0.jar:/home/carmstr7/git/SER516/Emotiv/lib/json-20180130.jar:/home/carmstr7/git/SER516/Emotiv/lib/tyrus-client-1.1.jar:/home/carmstr7/git/SER516/Emotiv/lib/tyrus-container-grizzly-1.1.jar:/home/carmstr7/git/SER516/Emotiv/lib/tyrus-core-1.1.jar:/home/carmstr7/git/SER516/Emotiv/lib/tyrus-server-1.1.jar:/home/carmstr7/git/SER516/Emotiv/lib/tyrus-spi-1.1.jar:/home/carmstr7/git/SER516/Emotiv/lib/tyrus-websocket-core-1.1.jar:/home/carmstr7/lib/eclipse/plugins/org.junit.jupiter.api_5.0.0.v20170910-2246.jar:/home/carmstr7/lib/eclipse/plugins/org.junit.jupiter.engine_5.0.0.v20170910-2246.jar:/home/carmstr7/lib/eclipse/plugins/org.junit.jupiter.migrationsupport_5.0.0.v20170910-2246.jar:/home/carmstr7/lib/eclipse/plugins/org.junit.jupiter.params_5.0.0.v20170910-2246.jar:/home/carmstr7/lib/eclipse/plugins/org.junit.platform.commons_1.0.0.v20170910-2246.jar:/home/carmstr7/lib/eclipse/plugins/org.junit.platform.engine_1.0.0.v20170910-2246.jar:/home/carmstr7/lib/eclipse/plugins/org.junit.platform.launcher_1.0.0.v20170910-2246.jar:/home/carmstr7/lib/eclipse/plugins/org.junit.platform.runner_1.0.0.v20170910-2246.jar:/home/carmstr7/lib/eclipse/plugins/org.junit.platform.suite.api_1.0.0.v20170910-2246.jar:/home/carmstr7/lib/eclipse/plugins/org.junit.vintage.engine_4.12.0.v20170910-2246.jar:/home/carmstr7/lib/eclipse/plugins/org.opentest4j_1.0.0.v20170910-2246.jar:/home/carmstr7/lib/eclipse/plugins/org.apiguardian_1.0.0.v20170910-2246.jar:/home/carmstr7/lib/eclipse/plugins/org.junit_4.12.0.v201504281640/junit.jar:/home/carmstr7/lib/eclipse/plugins/org.hamcrest.core_1.3.0.v201303031735.jar:/usr/share/java/ant-launcher-1.9.4.jar:/usr/share/ant/lib/ant.jar:/usr/share/ant/lib/ant-junit.jar:/usr/share/ant/lib/ant-junit4.jar" />
    <property name="ant.version" value="Apache Ant(TM) version 1.9.4 compiled on October 7 2014" />
    <property name="env.XDG_SESSION_ID" value="103" />
    <property name="env.WECHALLUSER" value="carmstr7" />
    <property name="java.vm.specification.name" value="Java Virtual Machine Specification" />
    <property name="ant.file.type" value="file" />
    <property name="java.vm.specification.version" value="1.8" />
    <property name="sun.os.patch.level" value="unknown" />
    <property name="sun.cpu.endian" value="little" />
    <property name="env.HOME" value="/home/carmstr7" />
    <property name="debuglevel" value="source,lines,vars" />
    <property name="java.io.tmpdir" value="/tmp" />
    <property name="env.LS_COLORS" value="rs=0:di=01;34:ln=01;36:mh=00:pi=40;33:so=01;35:do=01;35:bd=40;33;01:cd=40;33;01:or=40;31;01:su=37;41:sg=30;43:ca=30;41:tw=30;42:ow=34;42:st=37;44:ex=01;32:*.tar=01;31:*.tgz=01;31:*.arc=01;31:*.arj=01;31:*.taz=01;31:*.lha=01;31:*.lz4=01;31:*.lzh=01;31:*.lzma=01;31:*.tlz=01;31:*.txz=01;31:*.tzo=01;31:*.t7z=01;31:*.zip=01;31:*.z=01;31:*.Z=01;31:*.dz=01;31:*.gz=01;31:*.lrz=01;31:*.lz=01;31:*.lzo=01;31:*.xz=01;31:*.bz2=01;31:*.bz=01;31:*.tbz=01;31:*.tbz2=01;31:*.tz=01;31:*.deb=01;31:*.rpm=01;31:*.jar=01;31:*.war=01;31:*.ear=01;31:*.sar=01;31:*.rar=01;31:*.alz=01;31:*.ace=01;31:*.zoo=01;31:*.cpio=01;31:*.7z=01;31:*.rz=01;31:*.cab=01;31:*.jpg=01;35:*.jpeg=01;35:*.gif=01;35:*.bmp=01;35:*.pbm=01;35:*.pgm=01;35:*.ppm=01;35:*.tga=01;35:*.xbm=01;35:*.xpm=01;35:*.tif=01;35:*.tiff=01;35:*.png=01;35:*.svg=01;35:*.svgz=01;35:*.mng=01;35:*.pcx=01;35:*.mov=01;35:*.mpg=01;35:*.mpeg=01;35:*.m2v=01;35:*.mkv=01;35:*.webm=01;35:*.ogm=01;35:*.mp4=01;35:*.m4v=01;35:*.mp4v=01;35:*.vob=01;35:*.qt=01;35:*.nuv=01;35:*.wmv=01;35:*.asf=01;35:*.rm=01;35:*.rmvb=01;35:*.flc=01;35:*.avi=01;35:*.fli=01;35:*.flv=01;35:*.gl=01;35:*.dl=01;35:*.xcf=01;35:*.xwd=01;35:*.yuv=01;35:*.cgm=01;35:*.emf=01;35:*.axv=01;35:*.anx=01;35:*.ogv=01;35:*.ogx=01;35:*.aac=00;36:*.au=00;36:*.flac=00;36:*.m4a=00;36:*.mid=00;36:*.midi=00;36:*.mka=00;36:*.mp3=00;36:*.mpc=00;36:*.ogg=00;36:*.ra=00;36:*.wav=00;36:*.axa=00;36:*.oga=00;36:*.spx=00;36:*.xspf=00;36:" />
    <property name="env.LEV9" value="����" />
    <property name="java.vendor.url.bug" value="http://bugreport.sun.com/bugreport/" />
    <property name="env.JAVA_EE" value="/home/carmstr7/lib/java/glassfish5/" />
    <property name="java.awt.graphicsenv" value="sun.awt.X11GraphicsEnvironment" />
    <property name="os.arch" value="amd64" />
    <property name="env.CAPSTONE" value="ASU 2017 SER517 Team 1, on SLACK!" />
    <property name="env.XDG_RUNTIME_DIR" value="/run/user/1000" />
    <property name="java.ext.dirs" value="/usr/lib/jvm/java-8-oracle/jre/lib/ext:/usr/java/packages/lib/ext" />
    <property name="user.dir" value="/home/carmstr7/git/SER516/Emotiv" />
    <property name="env.J2SDKDIR" value="/usr/lib/jvm/java-8-oracle" />
    <property name="line.separator" value="&#xa;" />
    <property name="java.vm.name" value="Java HotSpot(TM) 64-Bit Server VM" />
    <property name="basedir" value="/home/carmstr7/git/SER516/Emotiv" />
    <property name="ant.java.version" value="1.8" />
    <property name="ant.core.lib" value="/usr/share/ant/lib/ant.jar" />
    <property name="source" value="1.8" />
    <property name="env.MAIL" value="/var/mail/carmstr7" />
    <property name="file.encoding" value="UTF-8" />
    <property name="java.specification.version" value="1.8" />
    <property name="ant.project.invoked-targets" value="EmotivComposerTest" />
  </properties>
  <testcase classname="server.gui.EmotivComposerTest" name="initializationError" time="0.0">
    <error message="The class server.gui.EmotivComposerTest is not public." type="java.lang.Exception">java.lang.Exception: The class server.gui.EmotivComposerTest is not public.
	at java.lang.reflect.Constructor.newInstance(Constructor.java:423)
</error>
    <error message="Test class should have exactly one public constructor" type="java.lang.Exception">java.lang.Exception: Test class should have exactly one public constructor
	at java.lang.reflect.Constructor.newInstance(Constructor.java:423)
</error>
  </testcase>
  <system-out><![CDATA[]]></system-out>
  <system-err><![CDATA[]]></system-err>
</testsuite>
